Build started 05/05/2017 16:31:27.
     1>Project "C:\hlocal\IG2\Practica2 IG\freeglut project 3D (2012)\freeglut project 3D\freeglut project 3D.vcxproj" on node 2 (Build target(s)).
     1>ClCompile:
         C:\software\programacion\MSVStudio2013\VC\bin\CL.exe /c /I"C:\hlocal\IG2\Practica2 IG\freeglut project 3D (2012)\freeglut\include\\" /ZI /nologo /W3 /WX- /Od /Oy- /D _MBCS /Gm /EHsc /RTC1 /MDd /GS /fp:precise /Zc:wchar_t /Zc:forScope /Fo"Debug\\" /Fd"Debug\vc120.pdb" /Gd /TP /analyze- /errorReport:prompt Hipotrocoide.cpp
         Hipotrocoide.cpp
     1>c:\hlocal\ig2\practica2 ig\freeglut project 3d (2012)\freeglut project 3d\hipotrocoide.cpp(4): warning C4305: 'initializing' : truncation from 'double' to 'const GLfloat'
     1>c:\hlocal\ig2\practica2 ig\freeglut project 3d (2012)\freeglut project 3d\hipotrocoide.cpp(58): warning C4244: 'argument' : conversion from 'double' to 'GLfloat', possible loss of data
       Link:
         C:\software\programacion\MSVStudio2013\VC\bin\link.exe /ERRORREPORT:PROMPT /OUT:"C:\hlocal\IG2\Practica2 IG\freeglut project 3D (2012)\Debug\freeglut project 3D.exe" /INCREMENTAL /NOLOGO /LIBPATH:"C:\hlocal\IG2\Practica2 IG\freeglut project 3D (2012)\freeglut\lib\\" kernel32.lib user32.lib gdi32.lib winspool.lib comdlg32.lib advapi32.lib shell32.lib ole32.lib oleaut32.lib uuid.lib odbc32.lib odbccp32.lib /MANIFEST /MANIFESTUAC:"level='asInvoker' uiAccess='false'" /manifest:embed /DEBUG /PDB:"C:\hlocal\IG2\Practica2 IG\freeglut project 3D (2012)\Debug\freeglut project 3D.pdb" /TLBID:1 /DYNAMICBASE /NXCOMPAT /IMPLIB:"C:\hlocal\IG2\Practica2 IG\freeglut project 3D (2012)\Debug\freeglut project 3D.lib" /MACHINE:X86 Debug\Cara.obj
         Debug\FalsoTetraedro.obj
         Debug\Malla.obj
         Debug\PuntoVector3D.obj
         Debug\VerticeNormal.obj
         Debug\Cono.obj
         Debug\Hipotrocoide.obj
         Debug\main.obj
         freeglut project 3D.vcxproj -> C:\hlocal\IG2\Practica2 IG\freeglut project 3D (2012)\Debug\freeglut project 3D.exe
     1>Done Building Project "C:\hlocal\IG2\Practica2 IG\freeglut project 3D (2012)\freeglut project 3D\freeglut project 3D.vcxproj" (Build target(s)).

Build succeeded.

Time Elapsed 00:00:00.54
